<?xml version="1.0" encoding="UTF-8"?>
<!-- Generated by org.testng.reporters.JUnitReportReporter -->
<testsuite hostname="DESKTOP-L4VALVN" failures="0" tests="1" name="Practice1.SwitchWindow" time="0.057" errors="0" timestamp="2023-11-26T07:05:29 IST" skipped="0">
  <testcase classname="Practice1.SwitchWindow" name="fibonocci" time="0.057"/>
  <system-out/>
</testsuite> <!-- Practice1.SwitchWindow -->
