<?xml version="1.0" encoding="UTF-8"?>
<!-- Generated by org.testng.reporters.JUnitReportReporter -->
<testsuite hostname="DESKTOP-L4VALVN" failures="0" tests="1" name="Practice1.Cube" time="23.706" errors="0" timestamp="2023-11-09T21:23:52 IST" skipped="0">
  <testcase classname="Practice1.Cube" name="switchwindow" time="23.706"/>
  <system-out/>
</testsuite> <!-- Practice1.Cube -->
